<?xml version="1.0" encoding="UTF-8"?>
<!-- Generated by org.testng.reporters.JUnitReportReporter -->
<testsuite hostname="DESKTOP-A9RMGMK" failures="0" tests="5" name="selenium.Learning.ExtentReportManager1" time="18.207" errors="0" timestamp="2024-07-22T14:31:05 EDT" skipped="0">
  <testcase classname="selenium.Learning.ExtentReportManager1" name="redemption" time="2.690"/>
  <testcase classname="selenium.Learning.ExtentReportManager1" name="saintbasil" time="4.375"/>
  <testcase classname="selenium.Learning.ExtentReportManager1" name="healthcap" time="4.149"/>
  <testcase classname="selenium.Learning.ExtentReportManager1" name="nicolet" time="3.594"/>
  <testcase classname="selenium.Learning.ExtentReportManager1" name="rawdon" time="3.399"/>
</testsuite> <!-- selenium.Learning.ExtentReportManager1 -->
