<?xml version="1.0" encoding="UTF-8"?>
<!-- Generated by org.testng.reporters.JUnitReportReporter -->
<testsuite hostname="DESKTOP-A9RMGMK" failures="0" tests="1" name="selenium.Learning.Redemption" time="11.903" errors="0" timestamp="2024-07-21T11:43:03 EDT" skipped="0">
  <testcase classname="selenium.Learning.Redemption" name="testReadTableAndWriteToExcel" time="11.903"/>
</testsuite> <!-- selenium.Learning.Redemption -->
